Source file: progs.src
outputfile: ../progs.dat
compiling defs.qc
compiling custdefs.qc
compiling subs.qc
compiling fight.qc
compiling ai.qc
compiling combat.qc
compiling portal.qc
in function Portal1Touch (line 34),
portal.qc:591: warning: Local "oldvel" defined with name of a global
in function Portal2Touch (line 35),
portal.qc:634: warning: Local "oldvel" defined with name of a global
in function PortalDeathTouch (line 36),
portal.qc:673: warning: Local "oldvel" defined with name of a global
compiling items.qc
compiling weapons.qc
compiling world.qc
compiling client.qc
compiling player.qc
compiling monsters.qc
compiling doors.qc
compiling buttons.qc
compiling triggers.qc
compiling plats.qc
compiling misc.qc
compiling asstech.qc
compiling cube.qc
compiling ogre.qc
compiling demon.qc
compiling shambler.qc
compiling knight.qc
at global scope,
knight.qc:32: warning: Duplicate macro defined (attackb1)
compiling soldier.qc
compiling wizard.qc
compiling dog.qc
compiling zombie.qc
compiling boss.qc
compiling tarbaby.qc
compiling hknight.qc
compiling fish.qc
compiling shalrath.qc
compiling enforcer.qc
compiling oldone.qc
oldone.qc:29: warning: Duplicate macro defined (shake12)
Recognised progs as NetQuake server gamecode
Progs should run on any Quake executor
defs.qc:401: warning: empty_float  no references
defs.qc:417: warning: wad  no references
defs.qc:428: warning: light_lev  no references
defs.qc:548: warning: waitmax  no references
defs.qc:549: warning: distance  no references
defs.qc:550: warning: volume  no references
custdefs.qc:3: warning: duration  no references
custdefs.qc:4: warning: endtime  no references
fight.qc:298: warning: chance  no references
ai.qc:37: warning: current_yaw  no references
ai.qc:476: warning: mtemp  no references
ai.qc:679: warning: delta  no references
ai.qc:680: warning: axis  no references
ai.qc:681: warning: direct  no references
ai.qc:681: warning: ang_rint  no references
ai.qc:681: warning: ang_floor  no references
ai.qc:681: warning: ang_ceil  no references
portal.qc:145: warning: str_tmp  no references
portal.qc:265: warning: tmp  no references
portal.qc:332: warning: dir  no references
portal.qc:592: warning: temp2  no references
portal.qc:710: warning: v  no references
portal.qc:712: warning: oldz  no references
items.qc:152: warning: amount  no references
items.qc:871: warning: stemp  no references
items.qc:872: warning: best  no references
items.qc:1007: warning: stemp  no references
items.qc:1008: warning: best  no references
items.qc:1080: warning: stemp  no references
items.qc:1081: warning: best  no references
weapons.qc:92: warning: mpuff  no references
weapons.qc:375: warning: mpuff  no references
weapons.qc:550: warning: mpuff  no references
weapons.qc:638: warning: old  no references
weapons.qc:654: warning: old  no references
weapons.qc:682: warning: hit_z  no references
weapons.qc:685: warning: rand  no references
weapons.qc:725: warning: rand  no references
world.qc:364: warning: e  no references
client.qc:295: warning: pos  no references
client.qc:706: warning: old_self  no references
client.qc:741: warning: start  no references
client.qc:741: warning: end  no references
client.qc:913: warning: mspeed  no references
client.qc:913: warning: aspeed  no references
client.qc:914: warning: r  no references
client.qc:1127: warning: mspeed  no references
client.qc:1127: warning: aspeed  no references
client.qc:1128: warning: r  no references
monsters.qc:51: warning: ent  no references
monsters.qc:51: warning: otemp  no references
monsters.qc:51: warning: stemp  no references
monsters.qc:71: warning: stemp  no references
monsters.qc:72: warning: etemp  no references
buttons.qc:88: warning: gtemp  no references
buttons.qc:88: warning: ftemp  no references
triggers.qc:2: warning: stemp  no references
triggers.qc:2: warning: otemp  no references
triggers.qc:2: warning: old  no references
triggers.qc:224: warning: junk  no references
plats.qc:150: warning: t  no references
misc.qc:447: warning: vtmp1  no references
misc.qc:447: warning: modi  no references
asstech.qc:116: warning: value  no references
cube.qc:44: warning: new  no references
cube.qc:45: warning: newsize  no references
ogre.qc:92: warning: mpuff  no references
demon.qc:280: warning: vec  no references
dog.qc:306: warning: vec  no references
zombie.qc:164: warning: mpuff  no references
 92592 strofs (of 1000000)
 22619 numstatements (of 524288)
  2151 numfunctions (of 16384)
  4589 numglobaldefs (of 32768)
   235 numfielddefs (211 unique) (of 2048)
  4611 numpr_globals (of 65536)
Writing ../progs.dat
408204 TOTAL SIZE
Writing ../progs.lno
224 unique precache_sounds
 97 unique precache_models
104 unique precache_files
Compile Complete

optres_shortenifnots 127
optres_overlaptemps 8656
optres_constantarithmatic 20
optres_nonvec_parms 4110
optres_assignments 496
optres_unreferenced 74
optres_dupconstdefs 120
numtemps 140
75 warnings
